<?xml version="1.0" encoding="UTF-8"?>
<!-- Generated by org.testng.reporters.JUnitReportReporter -->
<testsuite hostname="DESKTOP-QSM3Q2F" failures="0" tests="1" name="com.qa.Testcases.Logintest" time="37.149" errors="0" timestamp="2020-11-05T16:44:34 IST" skipped="0">
  <testcase classname="com.qa.Testcases.Logintest" name="logintest" time="37.149"/>
  <system-out/>
</testsuite> <!-- com.qa.Testcases.Logintest -->
