<?xml version="1.0" encoding="UTF-8"?>
<!-- Generated by org.testng.reporters.JUnitReportReporter -->
<testsuite hostname="DESKTOP-QSM3Q2F" failures="0" tests="1" name="Testcases.Logintest" time="21.729" errors="0" timestamp="2020-11-02T17:55:09 IST" skipped="0">
  <testcase classname="Testcases.Logintest" name="logintest" time="21.729"/>
  <system-out/>
</testsuite> <!-- Testcases.Logintest -->
