<?xml version="1.0" encoding="UTF-8"?>
<!-- Generated by org.testng.reporters.JUnitReportReporter -->
<testsuite hostname="DESKTOP-QSM3Q2F" failures="0" tests="1" name="com.qa.Testcases.Logintest" time="22.783" errors="0" timestamp="2020-11-02T18:57:23 IST" skipped="0">
  <testcase classname="com.qa.Testcases.Logintest" name="logintest" time="22.783"/>
  <system-out/>
</testsuite> <!-- com.qa.Testcases.Logintest -->
